<?xml version="1.0" encoding="UTF-8"?>
<testsuite xmlns:xsi="http://www.w3.org/2001/XMLSchema-instance" xsi:noNamespaceSchemaLocation="https://maven.apache.org/surefire/maven-surefire-plugin/xsd/surefire-test-report-3.0.xsd" version="3.0" name="model2.AppModelTest" time="0.003" tests="0" errors="0" skipped="0" failures="0">
  <properties>
    <property name="java.specification.version" value="14"/>
    <property name="sun.jnu.encoding" value="UTF-8"/>
    <property name="java.class.path" value="/home/filipe/DSS/wms_working/target/test-classes:/home/filipe/DSS/wms_working/target/classes:/home/filipe/.m2/repository/org/openjfx/javafx-base/13/javafx-base-13.jar:/home/filipe/.m2/repository/org/openjfx/javafx-base/13/javafx-base-13-linux.jar:/home/filipe/.m2/repository/org/openjfx/javafx-fxml/13/javafx-fxml-13.jar:/home/filipe/.m2/repository/org/openjfx/javafx-fxml/13/javafx-fxml-13-linux.jar:/home/filipe/.m2/repository/org/openjfx/javafx-controls/13/javafx-controls-13.jar:/home/filipe/.m2/repository/org/openjfx/javafx-controls/13/javafx-controls-13-linux.jar:/home/filipe/.m2/repository/org/openjfx/javafx-graphics/13/javafx-graphics-13.jar:/home/filipe/.m2/repository/org/openjfx/javafx-graphics/13/javafx-graphics-13-linux.jar:/home/filipe/.m2/repository/org/openjfx/javafx-media/13/javafx-media-13.jar:/home/filipe/.m2/repository/org/openjfx/javafx-media/13/javafx-media-13-linux.jar:/home/filipe/.m2/repository/mysql/mysql-connector-java/8.0.18/mysql-connector-java-8.0.18.jar:/home/filipe/.m2/repository/com/google/protobuf/protobuf-java/3.6.1/protobuf-java-3.6.1.jar:"/>
    <property name="java.vm.vendor" value="Oracle Corporation"/>
    <property name="sun.arch.data.model" value="64"/>
    <property name="java.vendor.url" value="https://openjdk.java.net/"/>
    <property name="os.name" value="Linux"/>
    <property name="java.vm.specification.version" value="14"/>
    <property name="sun.java.launcher" value="SUN_STANDARD"/>
    <property name="user.country" value="US"/>
    <property name="sun.boot.library.path" value="/usr/lib/jvm/java-14-openjdk/lib"/>
    <property name="sun.java.command" value="/home/filipe/DSS/wms_working/target/surefire/surefirebooter1818629269933270255.jar /home/filipe/DSS/wms_working/target/surefire 2020-12-23T23-36-36_291-jvmRun1 surefire5221703999440751367tmp surefire_01441524992274134084tmp"/>
    <property name="jdk.debug" value="release"/>
    <property name="surefire.test.class.path" value="/home/filipe/DSS/wms_working/target/test-classes:/home/filipe/DSS/wms_working/target/classes:/home/filipe/.m2/repository/org/openjfx/javafx-base/13/javafx-base-13.jar:/home/filipe/.m2/repository/org/openjfx/javafx-base/13/javafx-base-13-linux.jar:/home/filipe/.m2/repository/org/openjfx/javafx-fxml/13/javafx-fxml-13.jar:/home/filipe/.m2/repository/org/openjfx/javafx-fxml/13/javafx-fxml-13-linux.jar:/home/filipe/.m2/repository/org/openjfx/javafx-controls/13/javafx-controls-13.jar:/home/filipe/.m2/repository/org/openjfx/javafx-controls/13/javafx-controls-13-linux.jar:/home/filipe/.m2/repository/org/openjfx/javafx-graphics/13/javafx-graphics-13.jar:/home/filipe/.m2/repository/org/openjfx/javafx-graphics/13/javafx-graphics-13-linux.jar:/home/filipe/.m2/repository/org/openjfx/javafx-media/13/javafx-media-13.jar:/home/filipe/.m2/repository/org/openjfx/javafx-media/13/javafx-media-13-linux.jar:/home/filipe/.m2/repository/mysql/mysql-connector-java/8.0.18/mysql-connector-java-8.0.18.jar:/home/filipe/.m2/repository/com/google/protobuf/protobuf-java/3.6.1/protobuf-java-3.6.1.jar:"/>
    <property name="sun.cpu.endian" value="little"/>
    <property name="user.home" value="/home/filipe"/>
    <property name="user.language" value="en"/>
    <property name="java.specification.vendor" value="Oracle Corporation"/>
    <property name="java.version.date" value="2020-07-14"/>
    <property name="java.home" value="/usr/lib/jvm/java-14-openjdk"/>
    <property name="file.separator" value="/"/>
    <property name="basedir" value="/home/filipe/DSS/wms_working"/>
    <property name="java.vm.compressedOopsMode" value="Zero based"/>
    <property name="line.separator" value="&#10;"/>
    <property name="java.vm.specification.vendor" value="Oracle Corporation"/>
    <property name="java.specification.name" value="Java Platform API Specification"/>
    <property name="surefire.real.class.path" value="/home/filipe/DSS/wms_working/target/surefire/surefirebooter1818629269933270255.jar"/>
    <property name="sun.management.compiler" value="HotSpot 64-Bit Tiered Compilers"/>
    <property name="java.runtime.version" value="14.0.2+12"/>
    <property name="user.name" value="filipe"/>
    <property name="path.separator" value=":"/>
    <property name="os.version" value="5.4.84-1-lts"/>
    <property name="java.runtime.name" value="OpenJDK Runtime Environment"/>
    <property name="file.encoding" value="UTF-8"/>
    <property name="java.vm.name" value="OpenJDK 64-Bit Server VM"/>
    <property name="localRepository" value="/home/filipe/.m2/repository"/>
    <property name="java.vendor.url.bug" value="https://bugreport.java.com/bugreport/"/>
    <property name="java.io.tmpdir" value="/tmp"/>
    <property name="java.version" value="14.0.2"/>
    <property name="user.dir" value="/home/filipe/DSS/wms_working"/>
    <property name="os.arch" value="amd64"/>
    <property name="java.vm.specification.name" value="Java Virtual Machine Specification"/>
    <property name="java.library.path" value="/usr/java/packages/lib:/usr/lib64:/lib64:/lib:/usr/lib"/>
    <property name="java.vm.info" value="mixed mode"/>
    <property name="java.vendor" value="N/A"/>
    <property name="java.vm.version" value="14.0.2+12"/>
    <property name="sun.io.unicode.encoding" value="UnicodeLittle"/>
    <property name="java.class.version" value="58.0"/>
  </properties>
</testsuite>